Data saved to database!
Data saved to database!
Data saved to database!
Data saved to database!
Data saved to database!
Data saved to database!
Data saved to database!
Data saved to database!
Data saved to database!
Data saved to database!
Data saved to database!

  You can now view your Streamlit app in your browser.

  Local URL: http://localhost:8502
  Network URL: http://10.0.0.241:8502


  You can now view your Streamlit app in your browser.

  Local URL: http://localhost:8503
  Network URL: http://10.0.0.241:8503

Data saved to database!

  You can now view your Streamlit app in your browser.

  Local URL: http://localhost:8504
  Network URL: http://10.0.0.241:8504

Data saved to database!
Data saved to database!
Data saved to database!
Data saved to database!
Data saved to database!
Data saved to database!
Data saved to database!
Data saved to database!
Data saved to database!
Data saved to database!
Data saved to database!
Data saved to database!
Data saved to database!
Data saved to database!
Data saved to database!
Data saved to database!
Scheduler is running. Press Ctrl+C to stop.
Waiting for the next scheduled task...
Waiting for the next scheduled task...
Waiting for the next scheduled task...
Waiting for the next scheduled task...
Waiting for the next scheduled task...
Waiting for the next scheduled task...
Running data update...
Data updated successfully!
Waiting for the next scheduled task...
Waiting for the next scheduled task...
Waiting for the next scheduled task...
Waiting for the next scheduled task...
Waiting for the next scheduled task...
Waiting for the next scheduled task...
Running data update...
Data updated successfully!
Waiting for the next scheduled task...
Waiting for the next scheduled task...
Waiting for the next scheduled task...
Waiting for the next scheduled task...
Waiting for the next scheduled task...
Waiting for the next scheduled task...
Running data update...
Data updated successfully!
Waiting for the next scheduled task...
Waiting for the next scheduled task...
Waiting for the next scheduled task...
Waiting for the next scheduled task...
Waiting for the next scheduled task...
Waiting for the next scheduled task...
Running data update...
Data updated successfully!
Waiting for the next scheduled task...
Waiting for the next scheduled task...
Waiting for the next scheduled task...
Waiting for the next scheduled task...
Waiting for the next scheduled task...
Waiting for the next scheduled task...
Running data update...
Data updated successfully!
Waiting for the next scheduled task...
Waiting for the next scheduled task...
Waiting for the next scheduled task...
Waiting for the next scheduled task...
Waiting for the next scheduled task...
Waiting for the next scheduled task...
Running data update...
Data updated successfully!
Waiting for the next scheduled task...
Waiting for the next scheduled task...
Waiting for the next scheduled task...
Waiting for the next scheduled task...
Waiting for the next scheduled task...
Waiting for the next scheduled task...
Running data update...
Data updated successfully!
Waiting for the next scheduled task...
Waiting for the next scheduled task...
Waiting for the next scheduled task...
Waiting for the next scheduled task...
Waiting for the next scheduled task...
Waiting for the next scheduled task...
Running data update...
Data updated successfully!
Waiting for the next scheduled task...
Waiting for the next scheduled task...
Waiting for the next scheduled task...
Waiting for the next scheduled task...
Waiting for the next scheduled task...
Waiting for the next scheduled task...
Running data update...
Data updated successfully!
Waiting for the next scheduled task...
Waiting for the next scheduled task...
Waiting for the next scheduled task...
Waiting for the next scheduled task...
Waiting for the next scheduled task...
Waiting for the next scheduled task...
Running data update...
Data updated successfully!
Waiting for the next scheduled task...
Waiting for the next scheduled task...
Waiting for the next scheduled task...
Waiting for the next scheduled task...
Waiting for the next scheduled task...
Waiting for the next scheduled task...
Running data update...
Data updated successfully!
Waiting for the next scheduled task...
Waiting for the next scheduled task...
Waiting for the next scheduled task...
Waiting for the next scheduled task...
Waiting for the next scheduled task...
Waiting for the next scheduled task...
Running data update...
Data updated successfully!
Waiting for the next scheduled task...
Waiting for the next scheduled task...
Waiting for the next scheduled task...
Waiting for the next scheduled task...
Waiting for the next scheduled task...
Waiting for the next scheduled task...
Running data update...
Data updated successfully!
Waiting for the next scheduled task...
Waiting for the next scheduled task...
Waiting for the next scheduled task...
Waiting for the next scheduled task...
Waiting for the next scheduled task...
Waiting for the next scheduled task...
Running data update...
Data updated successfully!
Waiting for the next scheduled task...
Waiting for the next scheduled task...
Waiting for the next scheduled task...
Waiting for the next scheduled task...
Waiting for the next scheduled task...
Waiting for the next scheduled task...
Running data update...
Data updated successfully!
Waiting for the next scheduled task...
Waiting for the next scheduled task...
Waiting for the next scheduled task...
Waiting for the next scheduled task...
Waiting for the next scheduled task...
Waiting for the next scheduled task...
Running data update...
Data updated successfully!
Waiting for the next scheduled task...
Waiting for the next scheduled task...
Waiting for the next scheduled task...
Waiting for the next scheduled task...
Waiting for the next scheduled task...
Waiting for the next scheduled task...
Running data update...
Data updated successfully!
Waiting for the next scheduled task...
Waiting for the next scheduled task...
Waiting for the next scheduled task...
Waiting for the next scheduled task...
Waiting for the next scheduled task...
Waiting for the next scheduled task...
Running data update...
Data updated successfully!
Waiting for the next scheduled task...
Waiting for the next scheduled task...
Waiting for the next scheduled task...
Waiting for the next scheduled task...
Waiting for the next scheduled task...
Waiting for the next scheduled task...
Running data update...
Data updated successfully!
Waiting for the next scheduled task...
Waiting for the next scheduled task...
Waiting for the next scheduled task...
Waiting for the next scheduled task...
Waiting for the next scheduled task...
Waiting for the next scheduled task...
Running data update...
Data updated successfully!
Waiting for the next scheduled task...
Waiting for the next scheduled task...
Waiting for the next scheduled task...
Waiting for the next scheduled task...
Waiting for the next scheduled task...
Waiting for the next scheduled task...
Running data update...
Data updated successfully!
Waiting for the next scheduled task...
Waiting for the next scheduled task...
Waiting for the next scheduled task...
Waiting for the next scheduled task...
Waiting for the next scheduled task...
Waiting for the next scheduled task...
Running data update...
Data updated successfully!
Waiting for the next scheduled task...
Waiting for the next scheduled task...
Waiting for the next scheduled task...
Waiting for the next scheduled task...
Waiting for the next scheduled task...
Waiting for the next scheduled task...
Running data update...
Data updated successfully!
Waiting for the next scheduled task...
Waiting for the next scheduled task...
Waiting for the next scheduled task...
Waiting for the next scheduled task...
Waiting for the next scheduled task...
Waiting for the next scheduled task...
Running data update...
Data updated successfully!
Waiting for the next scheduled task...
Waiting for the next scheduled task...
Waiting for the next scheduled task...
Waiting for the next scheduled task...
Waiting for the next scheduled task...
Waiting for the next scheduled task...
Running data update...
Data updated successfully!
Waiting for the next scheduled task...
Waiting for the next scheduled task...
Waiting for the next scheduled task...
Waiting for the next scheduled task...
Waiting for the next scheduled task...
Waiting for the next scheduled task...
Running data update...
Data updated successfully!
Waiting for the next scheduled task...
Waiting for the next scheduled task...
Waiting for the next scheduled task...
Waiting for the next scheduled task...
Waiting for the next scheduled task...
Waiting for the next scheduled task...
Running data update...
Data updated successfully!
Waiting for the next scheduled task...
Waiting for the next scheduled task...
Waiting for the next scheduled task...
Waiting for the next scheduled task...
Waiting for the next scheduled task...
Waiting for the next scheduled task...
Running data update...
Data updated successfully!
Waiting for the next scheduled task...
Waiting for the next scheduled task...
Waiting for the next scheduled task...
Waiting for the next scheduled task...
Waiting for the next scheduled task...
Data saved to database!
