2024-12-28 18:38:57,260 - Scheduler started.
2024-12-28 18:43:58,566 - Scheduler started.
2024-12-28 18:46:27,088 - INFO - Scheduler started. Waiting for tasks...
2024-12-28 18:47:27,113 - INFO - Running data update...
2024-12-28 18:47:29,576 - INFO - Data updated successfully! Output:
Fetching GDP data...
Fetching Inflation data...
Fetching Unemployment data...
Merging datasets...
Renaming columns...
Calculating GDP YoY Growth...
Data processing complete.
Saving data to database...
Data saved to database successfully!

2024-12-28 18:48:29,599 - INFO - Running data update...
2024-12-28 18:48:30,928 - INFO - Data updated successfully! Output:
Fetching GDP data...
Fetching Inflation data...
Fetching Unemployment data...
Merging datasets...
Renaming columns...
Calculating GDP YoY Growth...
Data processing complete.
Saving data to database...
Data saved to database successfully!

2024-12-28 18:49:30,970 - INFO - Running data update...
2024-12-28 18:49:32,275 - INFO - Data updated successfully! Output:
Fetching GDP data...
Fetching Inflation data...
Fetching Unemployment data...
Merging datasets...
Renaming columns...
Calculating GDP YoY Growth...
Data processing complete.
Saving data to database...
Data saved to database successfully!

2024-12-28 18:50:32,299 - INFO - Running data update...
2024-12-28 18:50:33,717 - INFO - Data updated successfully! Output:
Fetching GDP data...
Fetching Inflation data...
Fetching Unemployment data...
Merging datasets...
Renaming columns...
Calculating GDP YoY Growth...
Data processing complete.
Saving data to database...
Data saved to database successfully!

2024-12-28 18:50:42,542 - INFO - Scheduler stopped manually.
2024-12-28 18:51:35,468 - INFO - Scheduler started. Waiting for tasks...
